TN:
SF:src\entities\client.ts
FN:16,Client
FN:38,create
FNF:2
FNH:1
FNDA:0,Client
FNDA:1,create
DA:1,1
DA:2,1
DA:3,1
DA:4,1
DA:5,1
DA:6,1
DA:7,1
DA:8,1
DA:9,1
DA:10,1
DA:11,1
DA:12,1
DA:13,1
DA:14,1
DA:15,1
DA:16,1
DA:17,0
DA:18,0
DA:19,0
DA:20,0
DA:21,0
DA:22,0
DA:23,0
DA:24,0
DA:25,0
DA:26,0
DA:27,0
DA:28,0
DA:29,0
DA:30,0
DA:31,0
DA:32,0
DA:33,0
DA:34,0
DA:35,0
DA:36,0
DA:37,1
DA:38,1
DA:39,1
DA:40,1
DA:41,1
DA:42,1
DA:43,1
DA:44,1
DA:45,1
DA:46,1
DA:47,1
DA:48,1
DA:49,1
DA:50,1
DA:51,1
DA:52,1
DA:53,1
DA:54,1
DA:55,1
LF:55
LH:35
BRDA:38,0,0,1
BRF:1
BRH:1
end_of_record
TN:
SF:src\use-cases\ports\client.fake.ts
FNF:0
FNH:0
DA:1,1
DA:2,1
DA:3,1
DA:4,1
DA:5,1
DA:6,1
DA:7,1
DA:8,1
DA:9,1
DA:10,1
DA:11,1
DA:12,1
DA:13,1
DA:14,1
DA:15,1
DA:16,1
DA:17,1
DA:18,1
DA:19,1
DA:20,1
DA:21,1
DA:22,1
DA:23,1
DA:24,1
DA:25,1
DA:26,1
DA:27,1
DA:28,1
DA:29,1
DA:30,1
DA:31,1
DA:32,1
DA:33,1
DA:34,1
DA:35,1
DA:36,1
DA:37,1
DA:38,1
DA:39,1
DA:40,1
DA:41,1
DA:42,1
DA:43,1
DA:44,1
DA:45,1
DA:46,1
DA:47,1
LF:47
LH:47
BRF:0
BRH:0
end_of_record
TN:
SF:src\value-objects\cellphone.ts
FN:4,CellPhone
FN:9,create
FN:17,getValue
FN:22,validateCellPhone
FNF:4
FNH:2
FNDA:0,CellPhone
FNDA:1,create
FNDA:0,getValue
FNDA:1,validateCellPhone
DA:1,1
DA:2,1
DA:3,1
DA:4,1
DA:5,0
DA:6,0
DA:7,0
DA:8,1
DA:9,1
DA:10,1
DA:11,1
DA:12,1
DA:13,0
DA:14,0
DA:15,0
DA:16,1
DA:17,1
DA:18,0
DA:19,0
DA:20,1
DA:21,1
DA:22,1
DA:23,1
DA:24,1
DA:25,1
DA:26,0
DA:27,0
DA:28,0
DA:29,0
LF:29
LH:17
BRDA:9,0,0,1
BRDA:13,1,0,0
BRDA:22,2,0,1
BRDA:26,3,0,0
BRF:4
BRH:2
end_of_record
TN:
SF:src\value-objects\email.ts
FN:4,Email
FN:9,create
FN:17,getValue
FN:22,validateEmail
FNF:4
FNH:3
FNDA:1,Email
FNDA:1,create
FNDA:0,getValue
FNDA:1,validateEmail
DA:1,1
DA:2,1
DA:3,1
DA:4,1
DA:5,1
DA:6,1
DA:7,1
DA:8,1
DA:9,1
DA:10,1
DA:11,0
DA:12,0
DA:13,1
DA:14,1
DA:15,1
DA:16,1
DA:17,1
DA:18,0
DA:19,0
DA:20,1
DA:21,1
DA:22,1
DA:23,1
DA:24,1
DA:25,1
LF:25
LH:21
BRDA:4,0,0,1
BRDA:9,1,0,1
BRDA:10,2,0,0
BRDA:22,3,0,1
BRF:4
BRH:3
end_of_record
TN:
SF:src\value-objects\index.ts
FNF:0
FNH:0
DA:1,1
DA:2,1
DA:3,1
LF:3
LH:3
BRF:0
BRH:0
end_of_record
TN:
SF:src\value-objects\phone.ts
FN:4,Phone
FN:9,create
FN:17,getValue
FN:22,validatePhone
FNF:4
FNH:3
FNDA:1,Phone
FNDA:1,create
FNDA:0,getValue
FNDA:1,validatePhone
DA:1,1
DA:2,1
DA:3,1
DA:4,1
DA:5,1
DA:6,1
DA:7,1
DA:8,1
DA:9,1
DA:10,1
DA:11,0
DA:12,0
DA:13,1
DA:14,1
DA:15,1
DA:16,1
DA:17,1
DA:18,0
DA:19,0
DA:20,1
DA:21,1
DA:22,1
DA:23,1
DA:24,0
DA:25,0
DA:26,1
DA:27,1
DA:28,1
DA:29,1
LF:29
LH:23
BRDA:4,0,0,1
BRDA:9,1,0,1
BRDA:10,2,0,0
BRDA:22,3,0,1
BRDA:23,4,0,0
BRF:5
BRH:3
end_of_record
