TN:
SF:src\adapters\index.ts
FNF:0
FNH:0
DA:1,1
LF:1
LH:1
BRF:0
BRH:0
end_of_record
TN:
SF:src\adapters\database\index.ts
FNF:0
FNH:0
DA:1,1
LF:1
LH:1
BRF:0
BRH:0
end_of_record
TN:
SF:src\adapters\database\memory\client-database-memory.ts
FN:5,createEntity
FN:9,createModelData
FNF:2
FNH:1
FNDA:1,createEntity
FNDA:0,createModelData
DA:1,1
DA:2,1
DA:3,1
DA:4,1
DA:5,1
DA:6,1
DA:7,1
DA:8,1
DA:9,1
DA:10,0
DA:11,0
DA:12,0
DA:13,0
DA:14,0
DA:15,0
DA:16,0
DA:17,0
DA:18,0
DA:19,0
DA:20,0
DA:21,0
DA:22,0
DA:23,1
LF:23
LH:10
BRDA:5,0,0,1
BRF:1
BRH:1
end_of_record
TN:
SF:src\adapters\database\memory\index.ts
FNF:0
FNH:0
DA:1,1
LF:1
LH:1
BRF:0
BRH:0
end_of_record
TN:
SF:src\entities\client.ts
FN:15,Client
FN:37,create
FNF:2
FNH:2
FNDA:1,Client
FNDA:1,create
DA:1,1
DA:2,1
DA:3,1
DA:4,1
DA:5,1
DA:6,1
DA:7,1
DA:8,1
DA:9,1
DA:10,1
DA:11,1
DA:12,1
DA:13,1
DA:14,1
DA:15,1
DA:16,1
DA:17,1
DA:18,1
DA:19,1
DA:20,1
DA:21,1
DA:22,1
DA:23,1
DA:24,1
DA:25,1
DA:26,1
DA:27,1
DA:28,1
DA:29,1
DA:30,1
DA:31,1
DA:32,1
DA:33,1
DA:34,1
DA:35,1
DA:36,1
DA:37,1
DA:38,1
DA:39,1
DA:40,1
DA:41,1
DA:42,1
DA:43,1
DA:44,1
DA:45,1
DA:46,1
DA:47,1
DA:48,1
DA:49,1
DA:50,1
DA:51,1
DA:52,1
DA:53,1
DA:54,1
LF:54
LH:54
BRDA:15,0,0,1
BRDA:37,1,0,1
BRF:2
BRH:2
end_of_record
TN:
SF:src\entities\index.ts
FNF:0
FNH:0
DA:1,1
LF:1
LH:1
BRF:0
BRH:0
end_of_record
TN:
SF:src\repositories\client-memory.ts
FN:41,getById
FN:51,save
FNF:2
FNH:1
FNDA:3,getById
FNDA:0,save
DA:1,1
DA:2,1
DA:3,1
DA:4,1
DA:5,1
DA:6,1
DA:7,1
DA:8,1
DA:9,1
DA:10,1
DA:11,1
DA:12,1
DA:13,1
DA:14,1
DA:15,1
DA:16,1
DA:17,1
DA:18,1
DA:19,1
DA:20,1
DA:21,1
DA:22,1
DA:23,1
DA:24,1
DA:25,1
DA:26,1
DA:27,1
DA:28,1
DA:29,1
DA:30,1
DA:31,1
DA:32,1
DA:33,1
DA:34,1
DA:35,1
DA:36,1
DA:37,1
DA:38,1
DA:39,1
DA:40,1
DA:41,1
DA:42,3
DA:43,3
DA:44,2
DA:45,2
DA:46,1
DA:47,1
DA:48,1
DA:49,1
DA:50,1
DA:51,1
DA:52,0
DA:53,0
DA:54,0
DA:55,0
DA:56,1
LF:56
LH:52
BRDA:41,0,0,3
BRDA:43,1,0,2
BRDA:46,2,0,1
BRDA:42,3,0,6
BRF:4
BRH:4
end_of_record
TN:
SF:src\repositories\index.ts
FNF:0
FNH:0
DA:1,1
LF:1
LH:1
BRF:0
BRH:0
end_of_record
TN:
SF:src\use-cases\client\get-client.ts
FN:7,GetClient
FN:11,execute
FNF:2
FNH:2
FNDA:4,GetClient
FNDA:4,execute
DA:1,1
DA:2,1
DA:3,1
DA:4,1
DA:5,1
DA:6,1
DA:7,1
DA:8,4
DA:9,4
DA:10,1
DA:11,1
DA:12,4
DA:13,3
DA:14,4
DA:15,2
DA:16,2
DA:17,1
DA:18,1
DA:19,1
DA:20,1
DA:21,1
DA:22,1
DA:23,1
DA:24,1
DA:25,1
DA:26,1
DA:27,1
DA:28,1
DA:29,1
DA:30,1
DA:31,1
LF:31
LH:31
BRDA:7,0,0,4
BRDA:11,1,0,4
BRDA:13,2,0,3
BRDA:14,3,0,2
BRDA:17,4,0,1
BRF:5
BRH:5
end_of_record
TN:
SF:src\value-objects\cellphone.ts
FN:4,CellPhone
FN:9,create
FN:17,getValue
FN:22,validateCellPhone
FNF:4
FNH:4
FNDA:2,CellPhone
FNDA:2,create
FNDA:2,getValue
FNDA:2,validateCellPhone
DA:1,1
DA:2,1
DA:3,1
DA:4,1
DA:5,2
DA:6,2
DA:7,2
DA:8,1
DA:9,1
DA:10,2
DA:11,0
DA:12,0
DA:13,2
DA:14,2
DA:15,2
DA:16,1
DA:17,1
DA:18,2
DA:19,2
DA:20,1
DA:21,1
DA:22,2
DA:23,2
DA:24,0
DA:25,0
DA:26,2
DA:27,2
DA:28,2
DA:29,2
LF:29
LH:25
BRDA:4,0,0,2
BRDA:9,1,0,2
BRDA:10,2,0,0
BRDA:17,3,0,2
BRDA:22,4,0,2
BRDA:23,5,0,0
BRF:6
BRH:4
end_of_record
TN:
SF:src\value-objects\email.ts
FN:4,Email
FN:9,create
FN:17,getValue
FN:22,validateEmail
FNF:4
FNH:4
FNDA:1,Email
FNDA:1,create
FNDA:1,getValue
FNDA:1,validateEmail
DA:1,1
DA:2,1
DA:3,1
DA:4,1
DA:5,1
DA:6,1
DA:7,1
DA:8,1
DA:9,1
DA:10,1
DA:11,0
DA:12,0
DA:13,1
DA:14,1
DA:15,1
DA:16,1
DA:17,1
DA:18,1
DA:19,1
DA:20,1
DA:21,1
DA:22,1
DA:23,1
DA:24,1
DA:25,1
LF:25
LH:23
BRDA:4,0,0,1
BRDA:9,1,0,1
BRDA:10,2,0,0
BRDA:17,3,0,1
BRDA:22,4,0,1
BRF:5
BRH:4
end_of_record
TN:
SF:src\value-objects\index.ts
FNF:0
FNH:0
DA:1,1
DA:2,1
DA:3,1
LF:3
LH:3
BRF:0
BRH:0
end_of_record
TN:
SF:src\value-objects\phone.ts
FN:4,Phone
FN:9,create
FN:17,getValue
FN:22,validatePhone
FNF:4
FNH:4
FNDA:1,Phone
FNDA:1,create
FNDA:1,getValue
FNDA:1,validatePhone
DA:1,1
DA:2,1
DA:3,1
DA:4,1
DA:5,1
DA:6,1
DA:7,1
DA:8,1
DA:9,1
DA:10,1
DA:11,0
DA:12,0
DA:13,1
DA:14,1
DA:15,1
DA:16,1
DA:17,1
DA:18,1
DA:19,1
DA:20,1
DA:21,1
DA:22,1
DA:23,1
DA:24,0
DA:25,0
DA:26,1
DA:27,1
DA:28,1
DA:29,1
LF:29
LH:25
BRDA:4,0,0,1
BRDA:9,1,0,1
BRDA:10,2,0,0
BRDA:17,3,0,1
BRDA:22,4,0,1
BRDA:23,5,0,0
BRF:6
BRH:4
end_of_record
